{"/home/andrei/Odin/Testing/linked-lists/LinkedList.js": {"path":"/home/andrei/Odin/Testing/linked-lists/LinkedList.js","statementMap":{"0":{"start":{"line":4,"column":19},"end":{"line":144,"column":1}},"1":{"start":{"line":5,"column":15},"end":{"line":5,"column":16}},"2":{"start":{"line":6,"column":13},"end":{"line":6,"column":17}},"3":{"start":{"line":9,"column":17},"end":{"line":9,"column":28}},"4":{"start":{"line":10,"column":4},"end":{"line":10,"column":13}},"5":{"start":{"line":11,"column":4},"end":{"line":13,"column":5}},"6":{"start":{"line":12,"column":6},"end":{"line":12,"column":27}},"7":{"start":{"line":14,"column":18},"end":{"line":14,"column":22}},"8":{"start":{"line":15,"column":4},"end":{"line":17,"column":5}},"9":{"start":{"line":16,"column":6},"end":{"line":16,"column":29}},"10":{"start":{"line":18,"column":4},"end":{"line":18,"column":24}},"11":{"start":{"line":22,"column":17},"end":{"line":22,"column":28}},"12":{"start":{"line":23,"column":4},"end":{"line":23,"column":13}},"13":{"start":{"line":24,"column":17},"end":{"line":24,"column":21}},"14":{"start":{"line":25,"column":4},"end":{"line":25,"column":16}},"15":{"start":{"line":26,"column":4},"end":{"line":26,"column":21}},"16":{"start":{"line":27,"column":4},"end":{"line":27,"column":16}},"17":{"start":{"line":31,"column":4},"end":{"line":31,"column":27}},"18":{"start":{"line":31,"column":15},"end":{"line":31,"column":27}},"19":{"start":{"line":32,"column":4},"end":{"line":32,"column":18}},"20":{"start":{"line":36,"column":4},"end":{"line":36,"column":27}},"21":{"start":{"line":36,"column":15},"end":{"line":36,"column":27}},"22":{"start":{"line":37,"column":4},"end":{"line":37,"column":16}},"23":{"start":{"line":42,"column":4},"end":{"line":42,"column":27}},"24":{"start":{"line":42,"column":15},"end":{"line":42,"column":27}},"25":{"start":{"line":43,"column":15},"end":{"line":43,"column":19}},"26":{"start":{"line":44,"column":4},"end":{"line":48,"column":5}},"27":{"start":{"line":46,"column":8},"end":{"line":46,"column":25}},"28":{"start":{"line":49,"column":4},"end":{"line":49,"column":16}},"29":{"start":{"line":53,"column":4},"end":{"line":53,"column":27}},"30":{"start":{"line":53,"column":15},"end":{"line":53,"column":27}},"31":{"start":{"line":54,"column":18},"end":{"line":54,"column":22}},"32":{"start":{"line":55,"column":4},"end":{"line":57,"column":5}},"33":{"start":{"line":55,"column":17},"end":{"line":55,"column":18}},"34":{"start":{"line":56,"column":6},"end":{"line":56,"column":29}},"35":{"start":{"line":58,"column":4},"end":{"line":58,"column":19}},"36":{"start":{"line":62,"column":4},"end":{"line":62,"column":27}},"37":{"start":{"line":62,"column":15},"end":{"line":62,"column":27}},"38":{"start":{"line":63,"column":18},"end":{"line":63,"column":22}},"39":{"start":{"line":64,"column":4},"end":{"line":64,"column":40}},"40":{"start":{"line":64,"column":28},"end":{"line":64,"column":40}},"41":{"start":{"line":65,"column":4},"end":{"line":67,"column":5}},"42":{"start":{"line":65,"column":17},"end":{"line":65,"column":18}},"43":{"start":{"line":66,"column":6},"end":{"line":66,"column":29}},"44":{"start":{"line":68,"column":4},"end":{"line":68,"column":13}},"45":{"start":{"line":69,"column":4},"end":{"line":69,"column":24}},"46":{"start":{"line":73,"column":4},"end":{"line":73,"column":27}},"47":{"start":{"line":73,"column":15},"end":{"line":73,"column":27}},"48":{"start":{"line":74,"column":18},"end":{"line":74,"column":22}},"49":{"start":{"line":76,"column":4},"end":{"line":78,"column":5}},"50":{"start":{"line":77,"column":6},"end":{"line":77,"column":29}},"51":{"start":{"line":80,"column":4},"end":{"line":80,"column":50}},"52":{"start":{"line":84,"column":4},"end":{"line":84,"column":27}},"53":{"start":{"line":84,"column":15},"end":{"line":84,"column":27}},"54":{"start":{"line":85,"column":18},"end":{"line":85,"column":22}},"55":{"start":{"line":86,"column":16},"end":{"line":86,"column":17}},"56":{"start":{"line":87,"column":4},"end":{"line":90,"column":5}},"57":{"start":{"line":88,"column":6},"end":{"line":88,"column":29}},"58":{"start":{"line":89,"column":6},"end":{"line":89,"column":14}},"59":{"start":{"line":92,"column":4},"end":{"line":92,"column":50}},"60":{"start":{"line":96,"column":4},"end":{"line":96,"column":27}},"61":{"start":{"line":96,"column":15},"end":{"line":96,"column":27}},"62":{"start":{"line":97,"column":18},"end":{"line":97,"column":22}},"63":{"start":{"line":98,"column":17},"end":{"line":98,"column":19}},"64":{"start":{"line":99,"column":4},"end":{"line":102,"column":5}},"65":{"start":{"line":100,"column":6},"end":{"line":100,"column":55}},"66":{"start":{"line":101,"column":6},"end":{"line":101,"column":29}},"67":{"start":{"line":103,"column":4},"end":{"line":103,"column":36}},"68":{"start":{"line":105,"column":4},"end":{"line":105,"column":18}},"69":{"start":{"line":109,"column":4},"end":{"line":109,"column":27}},"70":{"start":{"line":109,"column":15},"end":{"line":109,"column":27}},"71":{"start":{"line":110,"column":4},"end":{"line":110,"column":37}},"72":{"start":{"line":110,"column":25},"end":{"line":110,"column":37}},"73":{"start":{"line":111,"column":17},"end":{"line":111,"column":28}},"74":{"start":{"line":112,"column":4},"end":{"line":112,"column":13}},"75":{"start":{"line":113,"column":24},"end":{"line":113,"column":28}},"76":{"start":{"line":114,"column":23},"end":{"line":114,"column":27}},"77":{"start":{"line":115,"column":4},"end":{"line":118,"column":5}},"78":{"start":{"line":116,"column":6},"end":{"line":116,"column":23}},"79":{"start":{"line":117,"column":6},"end":{"line":117,"column":27}},"80":{"start":{"line":119,"column":4},"end":{"line":121,"column":5}},"81":{"start":{"line":119,"column":17},"end":{"line":119,"column":18}},"82":{"start":{"line":120,"column":6},"end":{"line":120,"column":66}},"83":{"start":{"line":120,"column":33},"end":{"line":120,"column":66}},"84":{"start":{"line":122,"column":4},"end":{"line":124,"column":5}},"85":{"start":{"line":122,"column":17},"end":{"line":122,"column":18}},"86":{"start":{"line":123,"column":6},"end":{"line":123,"column":60}},"87":{"start":{"line":123,"column":25},"end":{"line":123,"column":60}},"88":{"start":{"line":125,"column":4},"end":{"line":125,"column":30}},"89":{"start":{"line":126,"column":4},"end":{"line":126,"column":29}},"90":{"start":{"line":130,"column":4},"end":{"line":130,"column":27}},"91":{"start":{"line":130,"column":15},"end":{"line":130,"column":27}},"92":{"start":{"line":131,"column":4},"end":{"line":131,"column":37}},"93":{"start":{"line":131,"column":25},"end":{"line":131,"column":37}},"94":{"start":{"line":132,"column":4},"end":{"line":140,"column":5}},"95":{"start":{"line":132,"column":21},"end":{"line":132,"column":38}},"96":{"start":{"line":134,"column":20},"end":{"line":134,"column":24}},"97":{"start":{"line":135,"column":6},"end":{"line":137,"column":7}},"98":{"start":{"line":135,"column":19},"end":{"line":135,"column":20}},"99":{"start":{"line":136,"column":8},"end":{"line":136,"column":31}},"100":{"start":{"line":138,"column":6},"end":{"line":138,"column":39}},"101":{"start":{"line":139,"column":6},"end":{"line":139,"column":15}},"102":{"start":{"line":143,"column":2},"end":{"line":143,"column":102}}},"fnMap":{"0":{"name":"(anonymous_0)","decl":{"start":{"line":4,"column":19},"end":{"line":4,"column":20}},"loc":{"start":{"line":4,"column":25},"end":{"line":144,"column":1}},"line":4},"1":{"name":"append","decl":{"start":{"line":8,"column":11},"end":{"line":8,"column":17}},"loc":{"start":{"line":8,"column":25},"end":{"line":19,"column":3}},"line":8},"2":{"name":"prepend","decl":{"start":{"line":21,"column":11},"end":{"line":21,"column":18}},"loc":{"start":{"line":21,"column":26},"end":{"line":28,"column":3}},"line":21},"3":{"name":"size","decl":{"start":{"line":30,"column":11},"end":{"line":30,"column":15}},"loc":{"start":{"line":30,"column":18},"end":{"line":33,"column":3}},"line":30},"4":{"name":"head","decl":{"start":{"line":35,"column":11},"end":{"line":35,"column":15}},"loc":{"start":{"line":35,"column":18},"end":{"line":38,"column":3}},"line":35},"5":{"name":"tail","decl":{"start":{"line":41,"column":11},"end":{"line":41,"column":15}},"loc":{"start":{"line":41,"column":18},"end":{"line":50,"column":3}},"line":41},"6":{"name":"at","decl":{"start":{"line":52,"column":11},"end":{"line":52,"column":13}},"loc":{"start":{"line":52,"column":21},"end":{"line":59,"column":3}},"line":52},"7":{"name":"pop","decl":{"start":{"line":61,"column":11},"end":{"line":61,"column":14}},"loc":{"start":{"line":61,"column":17},"end":{"line":70,"column":3}},"line":61},"8":{"name":"contains","decl":{"start":{"line":72,"column":11},"end":{"line":72,"column":19}},"loc":{"start":{"line":72,"column":27},"end":{"line":81,"column":3}},"line":72},"9":{"name":"find","decl":{"start":{"line":83,"column":11},"end":{"line":83,"column":15}},"loc":{"start":{"line":83,"column":23},"end":{"line":93,"column":3}},"line":83},"10":{"name":"toString","decl":{"start":{"line":95,"column":11},"end":{"line":95,"column":19}},"loc":{"start":{"line":95,"column":22},"end":{"line":106,"column":3}},"line":95},"11":{"name":"insertAt","decl":{"start":{"line":108,"column":11},"end":{"line":108,"column":19}},"loc":{"start":{"line":108,"column":34},"end":{"line":127,"column":3}},"line":108},"12":{"name":"removeAt","decl":{"start":{"line":129,"column":11},"end":{"line":129,"column":19}},"loc":{"start":{"line":129,"column":27},"end":{"line":141,"column":3}},"line":129}},"branchMap":{"0":{"loc":{"start":{"line":11,"column":4},"end":{"line":13,"column":5}},"type":"if","locations":[{"start":{"line":11,"column":4},"end":{"line":13,"column":5}},{"start":{},"end":{}}],"line":11},"1":{"loc":{"start":{"line":31,"column":4},"end":{"line":31,"column":27}},"type":"if","locations":[{"start":{"line":31,"column":4},"end":{"line":31,"column":27}},{"start":{},"end":{}}],"line":31},"2":{"loc":{"start":{"line":36,"column":4},"end":{"line":36,"column":27}},"type":"if","locations":[{"start":{"line":36,"column":4},"end":{"line":36,"column":27}},{"start":{},"end":{}}],"line":36},"3":{"loc":{"start":{"line":42,"column":4},"end":{"line":42,"column":27}},"type":"if","locations":[{"start":{"line":42,"column":4},"end":{"line":42,"column":27}},{"start":{},"end":{}}],"line":42},"4":{"loc":{"start":{"line":53,"column":4},"end":{"line":53,"column":27}},"type":"if","locations":[{"start":{"line":53,"column":4},"end":{"line":53,"column":27}},{"start":{},"end":{}}],"line":53},"5":{"loc":{"start":{"line":62,"column":4},"end":{"line":62,"column":27}},"type":"if","locations":[{"start":{"line":62,"column":4},"end":{"line":62,"column":27}},{"start":{},"end":{}}],"line":62},"6":{"loc":{"start":{"line":64,"column":4},"end":{"line":64,"column":40}},"type":"if","locations":[{"start":{"line":64,"column":4},"end":{"line":64,"column":40}},{"start":{},"end":{}}],"line":64},"7":{"loc":{"start":{"line":73,"column":4},"end":{"line":73,"column":27}},"type":"if","locations":[{"start":{"line":73,"column":4},"end":{"line":73,"column":27}},{"start":{},"end":{}}],"line":73},"8":{"loc":{"start":{"line":76,"column":11},"end":{"line":76,"column":59}},"type":"binary-expr","locations":[{"start":{"line":76,"column":11},"end":{"line":76,"column":34}},{"start":{"line":76,"column":38},"end":{"line":76,"column":59}}],"line":76},"9":{"loc":{"start":{"line":80,"column":11},"end":{"line":80,"column":49}},"type":"cond-expr","locations":[{"start":{"line":80,"column":37},"end":{"line":80,"column":41}},{"start":{"line":80,"column":44},"end":{"line":80,"column":49}}],"line":80},"10":{"loc":{"start":{"line":84,"column":4},"end":{"line":84,"column":27}},"type":"if","locations":[{"start":{"line":84,"column":4},"end":{"line":84,"column":27}},{"start":{},"end":{}}],"line":84},"11":{"loc":{"start":{"line":87,"column":11},"end":{"line":87,"column":59}},"type":"binary-expr","locations":[{"start":{"line":87,"column":11},"end":{"line":87,"column":34}},{"start":{"line":87,"column":38},"end":{"line":87,"column":59}}],"line":87},"12":{"loc":{"start":{"line":92,"column":11},"end":{"line":92,"column":49}},"type":"cond-expr","locations":[{"start":{"line":92,"column":37},"end":{"line":92,"column":42}},{"start":{"line":92,"column":45},"end":{"line":92,"column":49}}],"line":92},"13":{"loc":{"start":{"line":96,"column":4},"end":{"line":96,"column":27}},"type":"if","locations":[{"start":{"line":96,"column":4},"end":{"line":96,"column":27}},{"start":{},"end":{}}],"line":96},"14":{"loc":{"start":{"line":109,"column":4},"end":{"line":109,"column":27}},"type":"if","locations":[{"start":{"line":109,"column":4},"end":{"line":109,"column":27}},{"start":{},"end":{}}],"line":109},"15":{"loc":{"start":{"line":110,"column":4},"end":{"line":110,"column":37}},"type":"if","locations":[{"start":{"line":110,"column":4},"end":{"line":110,"column":37}},{"start":{},"end":{}}],"line":110},"16":{"loc":{"start":{"line":115,"column":4},"end":{"line":118,"column":5}},"type":"if","locations":[{"start":{"line":115,"column":4},"end":{"line":118,"column":5}},{"start":{},"end":{}}],"line":115},"17":{"loc":{"start":{"line":120,"column":6},"end":{"line":120,"column":66}},"type":"if","locations":[{"start":{"line":120,"column":6},"end":{"line":120,"column":66}},{"start":{},"end":{}}],"line":120},"18":{"loc":{"start":{"line":123,"column":6},"end":{"line":123,"column":60}},"type":"if","locations":[{"start":{"line":123,"column":6},"end":{"line":123,"column":60}},{"start":{},"end":{}}],"line":123},"19":{"loc":{"start":{"line":130,"column":4},"end":{"line":130,"column":27}},"type":"if","locations":[{"start":{"line":130,"column":4},"end":{"line":130,"column":27}},{"start":{},"end":{}}],"line":130},"20":{"loc":{"start":{"line":131,"column":4},"end":{"line":131,"column":37}},"type":"if","locations":[{"start":{"line":131,"column":4},"end":{"line":131,"column":37}},{"start":{},"end":{}}],"line":131},"21":{"loc":{"start":{"line":132,"column":4},"end":{"line":140,"column":5}},"type":"if","locations":[{"start":{"line":132,"column":4},"end":{"line":140,"column":5}},{"start":{"line":133,"column":9},"end":{"line":140,"column":5}}],"line":132}},"s":{"0":1,"1":1,"2":1,"3":2,"4":2,"5":2,"6":1,"7":1,"8":1,"9":0,"10":1,"11":1,"12":1,"13":1,"14":1,"15":1,"16":1,"17":2,"18":0,"19":2,"20":7,"21":0,"22":7,"23":1,"24":0,"25":1,"26":1,"27":1,"28":1,"29":1,"30":0,"31":1,"32":1,"33":1,"34":1,"35":1,"36":1,"37":0,"38":1,"39":1,"40":0,"41":1,"42":1,"43":0,"44":1,"45":1,"46":2,"47":0,"48":2,"49":2,"50":2,"51":2,"52":2,"53":0,"54":2,"55":2,"56":2,"57":2,"58":2,"59":2,"60":1,"61":0,"62":1,"63":1,"64":1,"65":2,"66":2,"67":1,"68":1,"69":2,"70":0,"71":2,"72":0,"73":2,"74":2,"75":2,"76":2,"77":2,"78":1,"79":1,"80":1,"81":1,"82":1,"83":1,"84":1,"85":1,"86":0,"87":0,"88":1,"89":1,"90":1,"91":0,"92":1,"93":0,"94":1,"95":0,"96":1,"97":1,"98":1,"99":0,"100":1,"101":1,"102":1},"f":{"0":1,"1":2,"2":1,"3":2,"4":7,"5":1,"6":1,"7":1,"8":2,"9":2,"10":1,"11":2,"12":1},"b":{"0":[1,1],"1":[0,2],"2":[0,7],"3":[0,1],"4":[0,1],"5":[0,1],"6":[0,1],"7":[0,2],"8":[4,3],"9":[1,1],"10":[0,2],"11":[4,3],"12":[1,1],"13":[0,1],"14":[0,2],"15":[0,2],"16":[1,1],"17":[1,0],"18":[0,0],"19":[0,1],"20":[0,1],"21":[0,1]},"_coverageSchema":"1a1c01bbd47fc00a2c39e90264f33305004495a9","hash":"73f56cfe491948dc41439b24ac38680254ac527d"}
,"/home/andrei/Odin/Testing/linked-lists/Node.js": {"path":"/home/andrei/Odin/Testing/linked-lists/Node.js","statementMap":{"0":{"start":{"line":1,"column":13},"end":{"line":6,"column":1}},"1":{"start":{"line":2,"column":2},"end":{"line":5,"column":4}}},"fnMap":{"0":{"name":"(anonymous_0)","decl":{"start":{"line":1,"column":13},"end":{"line":1,"column":14}},"loc":{"start":{"line":1,"column":24},"end":{"line":6,"column":1}},"line":1}},"branchMap":{"0":{"loc":{"start":{"line":3,"column":11},"end":{"line":3,"column":24}},"type":"binary-expr","locations":[{"start":{"line":3,"column":11},"end":{"line":3,"column":16}},{"start":{"line":3,"column":20},"end":{"line":3,"column":24}}],"line":3}},"s":{"0":2,"1":6},"f":{"0":6},"b":{"0":[6,0]},"_coverageSchema":"1a1c01bbd47fc00a2c39e90264f33305004495a9","hash":"6d5bddc492c8e6be359eeaee7e2e37544b342280"}
}
