TN:
SF:LinkedList.js
FN:4,(anonymous_0)
FN:8,append
FN:21,prepend
FN:30,size
FN:35,head
FN:41,tail
FN:52,at
FN:61,pop
FN:72,contains
FN:83,find
FN:95,toString
FN:108,insertAt
FN:129,removeAt
FNF:13
FNH:13
FNDA:1,(anonymous_0)
FNDA:2,append
FNDA:1,prepend
FNDA:2,size
FNDA:7,head
FNDA:1,tail
FNDA:1,at
FNDA:1,pop
FNDA:2,contains
FNDA:2,find
FNDA:1,toString
FNDA:2,insertAt
FNDA:1,removeAt
DA:4,1
DA:5,1
DA:6,1
DA:9,2
DA:10,2
DA:11,2
DA:12,1
DA:14,1
DA:15,1
DA:16,0
DA:18,1
DA:22,1
DA:23,1
DA:24,1
DA:25,1
DA:26,1
DA:27,1
DA:31,2
DA:32,2
DA:36,7
DA:37,7
DA:42,1
DA:43,1
DA:44,1
DA:46,1
DA:49,1
DA:53,1
DA:54,1
DA:55,1
DA:56,1
DA:58,1
DA:62,1
DA:63,1
DA:64,1
DA:65,1
DA:66,0
DA:68,1
DA:69,1
DA:73,2
DA:74,2
DA:76,2
DA:77,2
DA:80,2
DA:84,2
DA:85,2
DA:86,2
DA:87,2
DA:88,2
DA:89,2
DA:92,2
DA:96,1
DA:97,1
DA:98,1
DA:99,1
DA:100,2
DA:101,2
DA:103,1
DA:105,1
DA:109,2
DA:110,2
DA:111,2
DA:112,2
DA:113,2
DA:114,2
DA:115,2
DA:116,1
DA:117,1
DA:119,1
DA:120,1
DA:122,1
DA:123,0
DA:125,1
DA:126,1
DA:130,1
DA:131,1
DA:132,1
DA:134,1
DA:135,1
DA:136,0
DA:138,1
DA:139,1
DA:143,1
LF:82
LH:78
BRDA:11,0,0,1
BRDA:11,0,1,1
BRDA:31,1,0,0
BRDA:31,1,1,2
BRDA:36,2,0,0
BRDA:36,2,1,7
BRDA:42,3,0,0
BRDA:42,3,1,1
BRDA:53,4,0,0
BRDA:53,4,1,1
BRDA:62,5,0,0
BRDA:62,5,1,1
BRDA:64,6,0,0
BRDA:64,6,1,1
BRDA:73,7,0,0
BRDA:73,7,1,2
BRDA:76,8,0,4
BRDA:76,8,1,3
BRDA:80,9,0,1
BRDA:80,9,1,1
BRDA:84,10,0,0
BRDA:84,10,1,2
BRDA:87,11,0,4
BRDA:87,11,1,3
BRDA:92,12,0,1
BRDA:92,12,1,1
BRDA:96,13,0,0
BRDA:96,13,1,1
BRDA:109,14,0,0
BRDA:109,14,1,2
BRDA:110,15,0,0
BRDA:110,15,1,2
BRDA:115,16,0,1
BRDA:115,16,1,1
BRDA:120,17,0,1
BRDA:120,17,1,0
BRDA:123,18,0,0
BRDA:123,18,1,0
BRDA:130,19,0,0
BRDA:130,19,1,1
BRDA:131,20,0,0
BRDA:131,20,1,1
BRDA:132,21,0,0
BRDA:132,21,1,1
BRF:44
BRH:27
end_of_record
TN:
SF:Node.js
FN:1,(anonymous_0)
FNF:1
FNH:1
FNDA:6,(anonymous_0)
DA:1,2
DA:2,6
LF:2
LH:2
BRDA:3,0,0,6
BRDA:3,0,1,0
BRF:2
BRH:1
end_of_record
